Compras del dia: 2023-06-11
			**       Visitante Robert Baratheon        **
Adquirio lo siguiente:
AVENTURA
Atracciones incluidas:
-Nombre: Dragonstone          	-Precio:$12.00   	-Duración:4.00hrs 	-Disponibles: 21 

-Duración total: 4.0hs
-Precio original: $12.0
-Precio con descuento: $6.0
, DEGUSTACION
Atracciones incluidas:
-Nombre: Highgarden           	-Precio:$50.00   	-Duración:2.50hrs 	-Disponibles: 17 , 
-Nombre: King's Landing       	-Precio:$75.00   	-Duración:3.00hrs 	-Disponibles: 6  

-Duración total: 7.0hs
-Precio original: $250.0
-Precio con descuento: $225.0
Y ademas totalmente GRATIS: 
-Nombre: Lannisport           	-Precio:$25.00   	-Duración:1.50hrs 	-Disponibles: 1  

				SU ITINERARIO FINAL SERA DE:
				*COSTO TOTAL: $231.0
				*TIEMPO TOTAL: 11.0hs 

			**       Visitante Tyrion Lannister        **
Adquirio lo siguiente:
PAISAJE
Atracciones incluidas:
-Nombre: The Vale of Arryn    	-Precio:$18.00   	-Duración:3.00hrs 	-Disponibles: 106, 
-Nombre: Winterfell           	-Precio:$10.50   	-Duración:4.50hrs 	-Disponibles: 96 

-Duración total: 7.5hs
-Precio original: $28.5
-Precio con descuento: $24.225
, AVENTURA
Atracciones incluidas:
-Nombre: Dragonstone          	-Precio:$12.00   	-Duración:4.00hrs 	-Disponibles: 20 

-Duración total: 4.0hs
-Precio original: $12.0
-Precio con descuento: $6.0

				SU ITINERARIO FINAL SERA DE:
				*COSTO TOTAL: $30.225
				*TIEMPO TOTAL: 11.5hs 

			**       Visitante Daenerys Targaryen      **
Adquirio lo siguiente:
AVENTURA
Atracciones incluidas:
-Nombre: Dragonstone          	-Precio:$12.00   	-Duración:4.00hrs 	-Disponibles: 19 

-Duración total: 4.0hs
-Precio original: $12.0
-Precio con descuento: $6.0

				SU ITINERARIO FINAL SERA DE:
				*COSTO TOTAL: $6.0
				*TIEMPO TOTAL: 4.0hs 

			**       Visitante Jon Snow                **
Adquirio lo siguiente:
AVENTURA
Atracciones incluidas:
-Nombre: Dragonstone          	-Precio:$12.00   	-Duración:4.00hrs 	-Disponibles: 18 

-Duración total: 4.0hs
-Precio original: $12.0
-Precio con descuento: $6.0

				SU ITINERARIO FINAL SERA DE:
				*COSTO TOTAL: $6.0
				*TIEMPO TOTAL: 4.0hs 

			**       Visitante Arya Stark              **
Adquirio lo siguiente:
AVENTURA
Atracciones incluidas:
-Nombre: Dragonstone          	-Precio:$12.00   	-Duración:4.00hrs 	-Disponibles: 17 

-Duración total: 4.0hs
-Precio original: $12.0
-Precio con descuento: $6.0
, DEGUSTACION
Atracciones incluidas:
-Nombre: Highgarden           	-Precio:$50.00   	-Duración:2.50hrs 	-Disponibles: 16 , 
-Nombre: King's Landing       	-Precio:$75.00   	-Duración:3.00hrs 	-Disponibles: 5  

-Duración total: 5.5hs
-Precio original: $125.0
-Precio con descuento: $115.0

				SU ITINERARIO FINAL SERA DE:
				*COSTO TOTAL: $121.0
				*TIEMPO TOTAL: 9.5hs 

			**       Visitante Varys                   **
Adquirio lo siguiente:

-Nombre: King's Landing       	-Precio:$75.00   	-Duración:3.00hrs 	-Disponibles: 4  
				SU ITINERARIO FINAL SERA DE:
				*COSTO TOTAL: $75.0
				*TIEMPO TOTAL: 3.0hs 

			**       Visitante Bran Stark              **
Adquirio lo siguiente:
PAISAJE
Atracciones incluidas:
-Nombre: The Vale of Arryn    	-Precio:$18.00   	-Duración:3.00hrs 	-Disponibles: 105, 
-Nombre: Winterfell           	-Precio:$10.50   	-Duración:4.50hrs 	-Disponibles: 95 

-Duración total: 7.5hs
-Precio original: $28.5
-Precio con descuento: $24.225

				SU ITINERARIO FINAL SERA DE:
				*COSTO TOTAL: $24.225
				*TIEMPO TOTAL: 7.5hs 

